Analysis & Synthesis report for simulasi_membaca_enc
Thu Dec 16 22:37:15 2021
Quartus Prime Version 20.1.1 Build 720 11/11/2020 SJ Lite Edition


---------------------
; Table of Contents ;
---------------------
  1. Legal Notice
  2. Analysis & Synthesis Summary
  3. Analysis & Synthesis Settings
  4. Parallel Compilation
  5. Analysis & Synthesis Source Files Read
  6. Analysis & Synthesis Resource Usage Summary
  7. Analysis & Synthesis Resource Utilization by Entity
  8. User-Specified and Inferred Latches
  9. Registers Removed During Synthesis
 10. General Register Statistics
 11. Inverted Register Statistics
 12. Multiplexer Restructuring Statistics (Restructuring Performed)
 13. Post-Synthesis Netlist Statistics for Top Partition
 14. Elapsed Time Per Partition
 15. Analysis & Synthesis Messages



----------------
; Legal Notice ;
----------------
Copyright (C) 2020  Intel Corporation. All rights reserved.
Your use of Intel Corporation's design tools, logic functions 
and other software and tools, and any partner logic 
functions, and any output files from any of the foregoing 
(including device programming or simulation files), and any 
associated documentation or information are expressly subject 
to the terms and conditions of the Intel Program License 
Subscription Agreement, the Intel Quartus Prime License Agreement,
the Intel FPGA IP License Agreement, or other applicable license
agreement, including, without limitation, that your use is for
the sole purpose of programming logic devices manufactured by
Intel and sold by Intel or its authorized distributors.  Please
refer to the applicable agreement for further details, at
https://fpgasoftware.intel.com/eula.



+----------------------------------------------------------------------------------+
; Analysis & Synthesis Summary                                                     ;
+------------------------------------+---------------------------------------------+
; Analysis & Synthesis Status        ; Successful - Thu Dec 16 22:37:15 2021       ;
; Quartus Prime Version              ; 20.1.1 Build 720 11/11/2020 SJ Lite Edition ;
; Revision Name                      ; simulasi_membaca_enc                        ;
; Top-level Entity Name              ; simulasi_membaca_enc                        ;
; Family                             ; MAX 10                                      ;
; Total logic elements               ; 108                                         ;
;     Total combinational functions  ; 106                                         ;
;     Dedicated logic registers      ; 16                                          ;
; Total registers                    ; 16                                          ;
; Total pins                         ; 23                                          ;
; Total virtual pins                 ; 0                                           ;
; Total memory bits                  ; 0                                           ;
; Embedded Multiplier 9-bit elements ; 0                                           ;
; Total PLLs                         ; 0                                           ;
; UFM blocks                         ; 0                                           ;
; ADC blocks                         ; 0                                           ;
+------------------------------------+---------------------------------------------+


+----------------------------------------------------------------------------------------------------------------+
; Analysis & Synthesis Settings                                                                                  ;
+------------------------------------------------------------------+----------------------+----------------------+
; Option                                                           ; Setting              ; Default Value        ;
+------------------------------------------------------------------+----------------------+----------------------+
; Device                                                           ; 10M50DAF484C7G       ;                      ;
; Top-level entity name                                            ; simulasi_membaca_enc ; simulasi_membaca_enc ;
; Family name                                                      ; MAX 10               ; Cyclone V            ;
; Use smart compilation                                            ; Off                  ; Off                  ;
; Enable parallel Assembler and Timing Analyzer during compilation ; On                   ; On                   ;
; Enable compact report table                                      ; Off                  ; Off                  ;
; Restructure Multiplexers                                         ; Auto                 ; Auto                 ;
; Create Debugging Nodes for IP Cores                              ; Off                  ; Off                  ;
; Preserve fewer node names                                        ; On                   ; On                   ;
; Intel FPGA IP Evaluation Mode                                    ; Enable               ; Enable               ;
; Verilog Version                                                  ; Verilog_2001         ; Verilog_2001         ;
; VHDL Version                                                     ; VHDL_1993            ; VHDL_1993            ;
; State Machine Processing                                         ; Auto                 ; Auto                 ;
; Safe State Machine                                               ; Off                  ; Off                  ;
; Extract Verilog State Machines                                   ; On                   ; On                   ;
; Extract VHDL State Machines                                      ; On                   ; On                   ;
; Ignore Verilog initial constructs                                ; Off                  ; Off                  ;
; Iteration limit for constant Verilog loops                       ; 5000                 ; 5000                 ;
; Iteration limit for non-constant Verilog loops                   ; 250                  ; 250                  ;
; Add Pass-Through Logic to Inferred RAMs                          ; On                   ; On                   ;
; Infer RAMs from Raw Logic                                        ; On                   ; On                   ;
; Parallel Synthesis                                               ; On                   ; On                   ;
; DSP Block Balancing                                              ; Auto                 ; Auto                 ;
; NOT Gate Push-Back                                               ; On                   ; On                   ;
; Power-Up Don't Care                                              ; On                   ; On                   ;
; Remove Redundant Logic Cells                                     ; Off                  ; Off                  ;
; Remove Duplicate Registers                                       ; On                   ; On                   ;
; Ignore CARRY Buffers                                             ; Off                  ; Off                  ;
; Ignore CASCADE Buffers                                           ; Off                  ; Off                  ;
; Ignore GLOBAL Buffers                                            ; Off                  ; Off                  ;
; Ignore ROW GLOBAL Buffers                                        ; Off                  ; Off                  ;
; Ignore LCELL Buffers                                             ; Off                  ; Off                  ;
; Ignore SOFT Buffers                                              ; On                   ; On                   ;
; Limit AHDL Integers to 32 Bits                                   ; Off                  ; Off                  ;
; Optimization Technique                                           ; Balanced             ; Balanced             ;
; Carry Chain Length                                               ; 70                   ; 70                   ;
; Auto Carry Chains                                                ; On                   ; On                   ;
; Auto Open-Drain Pins                                             ; On                   ; On                   ;
; Perform WYSIWYG Primitive Resynthesis                            ; Off                  ; Off                  ;
; Auto ROM Replacement                                             ; On                   ; On                   ;
; Auto RAM Replacement                                             ; On                   ; On                   ;
; Auto DSP Block Replacement                                       ; On                   ; On                   ;
; Auto Shift Register Replacement                                  ; Auto                 ; Auto                 ;
; Allow Shift Register Merging across Hierarchies                  ; Auto                 ; Auto                 ;
; Auto Clock Enable Replacement                                    ; On                   ; On                   ;
; Strict RAM Replacement                                           ; Off                  ; Off                  ;
; Allow Synchronous Control Signals                                ; On                   ; On                   ;
; Force Use of Synchronous Clear Signals                           ; Off                  ; Off                  ;
; Auto RAM Block Balancing                                         ; On                   ; On                   ;
; Auto RAM to Logic Cell Conversion                                ; Off                  ; Off                  ;
; Auto Resource Sharing                                            ; Off                  ; Off                  ;
; Allow Any RAM Size For Recognition                               ; Off                  ; Off                  ;
; Allow Any ROM Size For Recognition                               ; Off                  ; Off                  ;
; Allow Any Shift Register Size For Recognition                    ; Off                  ; Off                  ;
; Use LogicLock Constraints during Resource Balancing              ; On                   ; On                   ;
; Ignore translate_off and synthesis_off directives                ; Off                  ; Off                  ;
; Timing-Driven Synthesis                                          ; On                   ; On                   ;
; Report Parameter Settings                                        ; On                   ; On                   ;
; Report Source Assignments                                        ; On                   ; On                   ;
; Report Connectivity Checks                                       ; On                   ; On                   ;
; Ignore Maximum Fan-Out Assignments                               ; Off                  ; Off                  ;
; Synchronization Register Chain Length                            ; 2                    ; 2                    ;
; Power Optimization During Synthesis                              ; Normal compilation   ; Normal compilation   ;
; HDL message level                                                ; Level2               ; Level2               ;
; Suppress Register Optimization Related Messages                  ; Off                  ; Off                  ;
; Number of Removed Registers Reported in Synthesis Report         ; 5000                 ; 5000                 ;
; Number of Swept Nodes Reported in Synthesis Report               ; 5000                 ; 5000                 ;
; Number of Inverted Registers Reported in Synthesis Report        ; 100                  ; 100                  ;
; Clock MUX Protection                                             ; On                   ; On                   ;
; Auto Gated Clock Conversion                                      ; Off                  ; Off                  ;
; Block Design Naming                                              ; Auto                 ; Auto                 ;
; SDC constraint protection                                        ; Off                  ; Off                  ;
; Synthesis Effort                                                 ; Auto                 ; Auto                 ;
; Shift Register Replacement - Allow Asynchronous Clear Signal     ; On                   ; On                   ;
; Pre-Mapping Resynthesis Optimization                             ; Off                  ; Off                  ;
; Analysis & Synthesis Message Level                               ; Medium               ; Medium               ;
; Disable Register Merging Across Hierarchies                      ; Auto                 ; Auto                 ;
; Resource Aware Inference For Block RAM                           ; On                   ; On                   ;
+------------------------------------------------------------------+----------------------+----------------------+


+------------------------------------------+
; Parallel Compilation                     ;
+----------------------------+-------------+
; Processors                 ; Number      ;
+----------------------------+-------------+
; Number detected on machine ; 8           ;
; Maximum allowed            ; 4           ;
;                            ;             ;
; Average used               ; 1.00        ;
; Maximum used               ; 4           ;
;                            ;             ;
; Usage by Processor         ; % Time Used ;
;     Processor 1            ; 100.0%      ;
;     Processors 2-4         ;   0.0%      ;
+----------------------------+-------------+


+----------------------------------------------------------------------------------------------------------------------------------------------------------------------------------------------------------+
; Analysis & Synthesis Source Files Read                                                                                                                                                                   ;
+----------------------------------+-----------------+-----------------+-------------------------------------------------------------------------------------------------------------------------+---------+
; File Name with User-Entered Path ; Used in Netlist ; File Type       ; File Name with Absolute Path                                                                                            ; Library ;
+----------------------------------+-----------------+-----------------+-------------------------------------------------------------------------------------------------------------------------+---------+
; simulasi_membaca_enc.vhd         ; yes             ; User VHDL File  ; D:/Kampus/Semester 5/Perencanaan Komponen Terprogram/final project/taufik/simulasi_membaca_enc/simulasi_membaca_enc.vhd ;         ;
+----------------------------------+-----------------+-----------------+-------------------------------------------------------------------------------------------------------------------------+---------+


+-------------------------------------------------------+
; Analysis & Synthesis Resource Usage Summary           ;
+---------------------------------------------+---------+
; Resource                                    ; Usage   ;
+---------------------------------------------+---------+
; Estimated Total logic elements              ; 108     ;
;                                             ;         ;
; Total combinational functions               ; 106     ;
; Logic element usage by number of LUT inputs ;         ;
;     -- 4 input functions                    ; 58      ;
;     -- 3 input functions                    ; 36      ;
;     -- <=2 input functions                  ; 12      ;
;                                             ;         ;
; Logic elements by mode                      ;         ;
;     -- normal mode                          ; 97      ;
;     -- arithmetic mode                      ; 9       ;
;                                             ;         ;
; Total registers                             ; 16      ;
;     -- Dedicated logic registers            ; 16      ;
;     -- I/O registers                        ; 0       ;
;                                             ;         ;
; I/O pins                                    ; 23      ;
;                                             ;         ;
; Embedded Multiplier 9-bit elements          ; 0       ;
;                                             ;         ;
; Maximum fan-out node                        ; A~input ;
; Maximum fan-out                             ; 20      ;
; Total fan-out                               ; 467     ;
; Average fan-out                             ; 2.78    ;
+---------------------------------------------+---------+


+-----------------------------------------------------------------------------------------------------------------------------------------------------------------------------------------------------------------------------------------------+
; Analysis & Synthesis Resource Utilization by Entity                                                                                                                                                                                           ;
+----------------------------+---------------------+---------------------------+-------------+------------+--------------+---------+-----------+------+--------------+------------+-----------------------+----------------------+--------------+
; Compilation Hierarchy Node ; Combinational ALUTs ; Dedicated Logic Registers ; Memory Bits ; UFM Blocks ; DSP Elements ; DSP 9x9 ; DSP 18x18 ; Pins ; Virtual Pins ; ADC blocks ; Full Hierarchy Name   ; Entity Name          ; Library Name ;
+----------------------------+---------------------+---------------------------+-------------+------------+--------------+---------+-----------+------+--------------+------------+-----------------------+----------------------+--------------+
; |simulasi_membaca_enc      ; 106 (106)           ; 16 (16)                   ; 0           ; 0          ; 0            ; 0       ; 0         ; 23   ; 0            ; 0          ; |simulasi_membaca_enc ; simulasi_membaca_enc ; work         ;
+----------------------------+---------------------+---------------------------+-------------+------------+--------------+---------+-----------+------+--------------+------------+-----------------------+----------------------+--------------+
Note: For table entries with two numbers listed, the numbers in parentheses indicate the number of resources of the given type used by the specific entity alone. The numbers listed outside of parentheses indicate the total resources of the given type used by the specific entity and all of its sub-entities in the hierarchy.


+----------------------------------------------------------------------------------------------------+
; User-Specified and Inferred Latches                                                                ;
+-----------------------------------------------------+---------------------+------------------------+
; Latch Name                                          ; Latch Enable Signal ; Free of Timing Hazards ;
+-----------------------------------------------------+---------------------+------------------------+
; satuan_out[0]$latch                                 ; GND                 ; yes                    ;
; satuan_out[1]$latch                                 ; GND                 ; yes                    ;
; satuan_out[2]$latch                                 ; GND                 ; yes                    ;
; satuan_out[3]$latch                                 ; GND                 ; yes                    ;
; satuan_out[4]$latch                                 ; GND                 ; yes                    ;
; satuan_out[5]$latch                                 ; GND                 ; yes                    ;
; satuan_out[6]$latch                                 ; GND                 ; yes                    ;
; puluhan_out[0]$latch                                ; GND                 ; yes                    ;
; puluhan_out[1]$latch                                ; GND                 ; yes                    ;
; puluhan_out[2]$latch                                ; GND                 ; yes                    ;
; puluhan_out[3]$latch                                ; GND                 ; yes                    ;
; puluhan_out[4]$latch                                ; GND                 ; yes                    ;
; puluhan_out[5]$latch                                ; GND                 ; yes                    ;
; puluhan_out[6]$latch                                ; GND                 ; yes                    ;
; ratusan_out[0]$latch                                ; GND                 ; yes                    ;
; ratusan_out[1]$latch                                ; GND                 ; yes                    ;
; ratusan_out[2]$latch                                ; GND                 ; yes                    ;
; ratusan_out[3]$latch                                ; GND                 ; yes                    ;
; ratusan_out[4]$latch                                ; GND                 ; yes                    ;
; ratusan_out[5]$latch                                ; GND                 ; yes                    ;
; ratusan_out[6]$latch                                ; GND                 ; yes                    ;
; arah[0]                                             ; arah[0]             ; yes                    ;
; arah[1]                                             ; arah[0]             ; yes                    ;
; prevB                                               ; prevB               ; yes                    ;
; Number of user-specified and inferred latches = 24  ;                     ;                        ;
+-----------------------------------------------------+---------------------+------------------------+
Note: All latches listed above may not be present at the end of synthesis due to various synthesis optimizations.


+---------------------------------------------------------------------------------+
; Registers Removed During Synthesis                                              ;
+----------------------------------------+----------------------------------------+
; Register name                          ; Reason for Removal                     ;
+----------------------------------------+----------------------------------------+
; bolehplus[2..30]                       ; Merged with bolehplus[1]               ;
; bolehmin[1..9,11..30]                  ; Merged with bolehmin[10]               ;
; bolehmin[10]                           ; Stuck at GND due to stuck port data_in ;
; bolehplus[1]                           ; Stuck at GND due to stuck port data_in ;
; Total Number of Removed Registers = 60 ;                                        ;
+----------------------------------------+----------------------------------------+


+------------------------------------------------------+
; General Register Statistics                          ;
+----------------------------------------------+-------+
; Statistic                                    ; Value ;
+----------------------------------------------+-------+
; Total registers                              ; 16    ;
; Number of registers using Synchronous Clear  ; 0     ;
; Number of registers using Synchronous Load   ; 9     ;
; Number of registers using Asynchronous Clear ; 0     ;
; Number of registers using Asynchronous Load  ; 0     ;
; Number of registers using Clock Enable       ; 13    ;
; Number of registers using Preset             ; 0     ;
+----------------------------------------------+-------+


+--------------------------------------------------+
; Inverted Register Statistics                     ;
+----------------------------------------+---------+
; Inverted Register                      ; Fan out ;
+----------------------------------------+---------+
; bolehmin[0]                            ; 1       ;
; bolehmin[31]                           ; 1       ;
; bolehplus[0]                           ; 1       ;
; bolehplus[31]                          ; 1       ;
; Total number of inverted registers = 4 ;         ;
+----------------------------------------+---------+


+----------------------------------------------------------------------------------------------------------------------------------------------------+
; Multiplexer Restructuring Statistics (Restructuring Performed)                                                                                     ;
+--------------------+-----------+---------------+----------------------+------------------------+------------+--------------------------------------+
; Multiplexer Inputs ; Bus Width ; Baseline Area ; Area if Restructured ; Saving if Restructured ; Registered ; Example Multiplexer Output           ;
+--------------------+-----------+---------------+----------------------+------------------------+------------+--------------------------------------+
; 7:1                ; 4 bits    ; 16 LEs        ; 8 LEs                ; 8 LEs                  ; Yes        ; |simulasi_membaca_enc|ratusan[2]     ;
; 9:1                ; 4 bits    ; 24 LEs        ; 8 LEs                ; 16 LEs                 ; Yes        ; |simulasi_membaca_enc|puluhan[0]     ;
; 9:1                ; 4 bits    ; 24 LEs        ; 8 LEs                ; 16 LEs                 ; Yes        ; |simulasi_membaca_enc|satuan[0]      ;
; 3:1                ; 2 bits    ; 4 LEs         ; 2 LEs                ; 2 LEs                  ; Yes        ; |simulasi_membaca_enc|bolehmin[0]    ;
; 3:1                ; 2 bits    ; 4 LEs         ; 2 LEs                ; 2 LEs                  ; Yes        ; |simulasi_membaca_enc|bolehplus[0]   ;
; 3:1                ; 2 bits    ; 4 LEs         ; 4 LEs                ; 0 LEs                  ; No         ; |simulasi_membaca_enc|satuan_out[0]  ;
; 3:1                ; 2 bits    ; 4 LEs         ; 4 LEs                ; 0 LEs                  ; No         ; |simulasi_membaca_enc|puluhan_out[0] ;
; 3:1                ; 2 bits    ; 4 LEs         ; 4 LEs                ; 0 LEs                  ; No         ; |simulasi_membaca_enc|ratusan_out[0] ;
; 4:1                ; 2 bits    ; 4 LEs         ; 4 LEs                ; 0 LEs                  ; No         ; |simulasi_membaca_enc|satuan_out[3]  ;
; 4:1                ; 2 bits    ; 4 LEs         ; 4 LEs                ; 0 LEs                  ; No         ; |simulasi_membaca_enc|puluhan_out[3] ;
; 4:1                ; 2 bits    ; 4 LEs         ; 4 LEs                ; 0 LEs                  ; No         ; |simulasi_membaca_enc|ratusan_out[0] ;
; 5:1                ; 2 bits    ; 6 LEs         ; 4 LEs                ; 2 LEs                  ; No         ; |simulasi_membaca_enc|satuan_out[6]  ;
; 5:1                ; 2 bits    ; 6 LEs         ; 4 LEs                ; 2 LEs                  ; No         ; |simulasi_membaca_enc|puluhan_out[5] ;
; 5:1                ; 2 bits    ; 6 LEs         ; 4 LEs                ; 2 LEs                  ; No         ; |simulasi_membaca_enc|ratusan_out[6] ;
+--------------------+-----------+---------------+----------------------+------------------------+------------+--------------------------------------+


+-----------------------------------------------------+
; Post-Synthesis Netlist Statistics for Top Partition ;
+-----------------------+-----------------------------+
; Type                  ; Count                       ;
+-----------------------+-----------------------------+
; boundary_port         ; 23                          ;
; cycloneiii_ff         ; 16                          ;
;     ENA               ; 4                           ;
;     ENA SLD           ; 9                           ;
;     plain             ; 3                           ;
; cycloneiii_lcell_comb ; 106                         ;
;     arith             ; 9                           ;
;         2 data inputs ; 3                           ;
;         3 data inputs ; 6                           ;
;     normal            ; 97                          ;
;         0 data inputs ; 1                           ;
;         2 data inputs ; 8                           ;
;         3 data inputs ; 30                          ;
;         4 data inputs ; 58                          ;
;                       ;                             ;
; Max LUT depth         ; 4.00                        ;
; Average LUT depth     ; 2.31                        ;
+-----------------------+-----------------------------+


+-------------------------------+
; Elapsed Time Per Partition    ;
+----------------+--------------+
; Partition Name ; Elapsed Time ;
+----------------+--------------+
; Top            ; 00:00:00     ;
+----------------+--------------+


+-------------------------------+
; Analysis & Synthesis Messages ;
+-------------------------------+
Info: *******************************************************************
Info: Running Quartus Prime Analysis & Synthesis
    Info: Version 20.1.1 Build 720 11/11/2020 SJ Lite Edition
    Info: Processing started: Thu Dec 16 22:36:59 2021
Info: Command: quartus_map --read_settings_files=on --write_settings_files=off simulasi_membaca_enc -c simulasi_membaca_enc
Warning (18236): Number of processors has not been specified which may cause overloading on shared machines.  Set the global assignment NUM_PARALLEL_PROCESSORS in your QSF to an appropriate value for best performance.
Info (20030): Parallel compilation is enabled and will use 4 of the 4 processors detected
Info (12021): Found 2 design units, including 1 entities, in source file simulasi_membaca_enc.vhd
    Info (12022): Found design unit 1: simulasi_membaca_enc-behavior File: D:/Kampus/Semester 5/Perencanaan Komponen Terprogram/final project/taufik/simulasi_membaca_enc/simulasi_membaca_enc.vhd Line: 11
    Info (12023): Found entity 1: simulasi_membaca_enc File: D:/Kampus/Semester 5/Perencanaan Komponen Terprogram/final project/taufik/simulasi_membaca_enc/simulasi_membaca_enc.vhd Line: 6
Info (12127): Elaborating entity "simulasi_membaca_enc" for the top level hierarchy
Warning (10492): VHDL Process Statement warning at simulasi_membaca_enc.vhd(27): signal "prevA" is read inside the Process Statement but isn't in the Process Statement's sensitivity list File: D:/Kampus/Semester 5/Perencanaan Komponen Terprogram/final project/taufik/simulasi_membaca_enc/simulasi_membaca_enc.vhd Line: 27
Warning (10492): VHDL Process Statement warning at simulasi_membaca_enc.vhd(28): signal "prevB" is read inside the Process Statement but isn't in the Process Statement's sensitivity list File: D:/Kampus/Semester 5/Perencanaan Komponen Terprogram/final project/taufik/simulasi_membaca_enc/simulasi_membaca_enc.vhd Line: 28
Warning (10492): VHDL Process Statement warning at simulasi_membaca_enc.vhd(33): signal "prevB" is read inside the Process Statement but isn't in the Process Statement's sensitivity list File: D:/Kampus/Semester 5/Perencanaan Komponen Terprogram/final project/taufik/simulasi_membaca_enc/simulasi_membaca_enc.vhd Line: 33
Warning (10492): VHDL Process Statement warning at simulasi_membaca_enc.vhd(39): signal "prevA" is read inside the Process Statement but isn't in the Process Statement's sensitivity list File: D:/Kampus/Semester 5/Perencanaan Komponen Terprogram/final project/taufik/simulasi_membaca_enc/simulasi_membaca_enc.vhd Line: 39
Warning (10631): VHDL Process Statement warning at simulasi_membaca_enc.vhd(24): inferring latch(es) for signal or variable "prevB", which holds its previous value in one or more paths through the process File: D:/Kampus/Semester 5/Perencanaan Komponen Terprogram/final project/taufik/simulasi_membaca_enc/simulasi_membaca_enc.vhd Line: 24
Warning (10631): VHDL Process Statement warning at simulasi_membaca_enc.vhd(24): inferring latch(es) for signal or variable "arah", which holds its previous value in one or more paths through the process File: D:/Kampus/Semester 5/Perencanaan Komponen Terprogram/final project/taufik/simulasi_membaca_enc/simulasi_membaca_enc.vhd Line: 24
Warning (10631): VHDL Process Statement warning at simulasi_membaca_enc.vhd(24): inferring latch(es) for signal or variable "prevA", which holds its previous value in one or more paths through the process File: D:/Kampus/Semester 5/Perencanaan Komponen Terprogram/final project/taufik/simulasi_membaca_enc/simulasi_membaca_enc.vhd Line: 24
Info (10041): Inferred latch for "ratusan_out[0]" at simulasi_membaca_enc.vhd(122) File: D:/Kampus/Semester 5/Perencanaan Komponen Terprogram/final project/taufik/simulasi_membaca_enc/simulasi_membaca_enc.vhd Line: 122
Info (10041): Inferred latch for "ratusan_out[1]" at simulasi_membaca_enc.vhd(122) File: D:/Kampus/Semester 5/Perencanaan Komponen Terprogram/final project/taufik/simulasi_membaca_enc/simulasi_membaca_enc.vhd Line: 122
Info (10041): Inferred latch for "ratusan_out[2]" at simulasi_membaca_enc.vhd(122) File: D:/Kampus/Semester 5/Perencanaan Komponen Terprogram/final project/taufik/simulasi_membaca_enc/simulasi_membaca_enc.vhd Line: 122
Info (10041): Inferred latch for "ratusan_out[3]" at simulasi_membaca_enc.vhd(122) File: D:/Kampus/Semester 5/Perencanaan Komponen Terprogram/final project/taufik/simulasi_membaca_enc/simulasi_membaca_enc.vhd Line: 122
Info (10041): Inferred latch for "ratusan_out[4]" at simulasi_membaca_enc.vhd(122) File: D:/Kampus/Semester 5/Perencanaan Komponen Terprogram/final project/taufik/simulasi_membaca_enc/simulasi_membaca_enc.vhd Line: 122
Info (10041): Inferred latch for "ratusan_out[5]" at simulasi_membaca_enc.vhd(122) File: D:/Kampus/Semester 5/Perencanaan Komponen Terprogram/final project/taufik/simulasi_membaca_enc/simulasi_membaca_enc.vhd Line: 122
Info (10041): Inferred latch for "ratusan_out[6]" at simulasi_membaca_enc.vhd(122) File: D:/Kampus/Semester 5/Perencanaan Komponen Terprogram/final project/taufik/simulasi_membaca_enc/simulasi_membaca_enc.vhd Line: 122
Info (10041): Inferred latch for "puluhan_out[0]" at simulasi_membaca_enc.vhd(111) File: D:/Kampus/Semester 5/Perencanaan Komponen Terprogram/final project/taufik/simulasi_membaca_enc/simulasi_membaca_enc.vhd Line: 111
Info (10041): Inferred latch for "puluhan_out[1]" at simulasi_membaca_enc.vhd(111) File: D:/Kampus/Semester 5/Perencanaan Komponen Terprogram/final project/taufik/simulasi_membaca_enc/simulasi_membaca_enc.vhd Line: 111
Info (10041): Inferred latch for "puluhan_out[2]" at simulasi_membaca_enc.vhd(111) File: D:/Kampus/Semester 5/Perencanaan Komponen Terprogram/final project/taufik/simulasi_membaca_enc/simulasi_membaca_enc.vhd Line: 111
Info (10041): Inferred latch for "puluhan_out[3]" at simulasi_membaca_enc.vhd(111) File: D:/Kampus/Semester 5/Perencanaan Komponen Terprogram/final project/taufik/simulasi_membaca_enc/simulasi_membaca_enc.vhd Line: 111
Info (10041): Inferred latch for "puluhan_out[4]" at simulasi_membaca_enc.vhd(111) File: D:/Kampus/Semester 5/Perencanaan Komponen Terprogram/final project/taufik/simulasi_membaca_enc/simulasi_membaca_enc.vhd Line: 111
Info (10041): Inferred latch for "puluhan_out[5]" at simulasi_membaca_enc.vhd(111) File: D:/Kampus/Semester 5/Perencanaan Komponen Terprogram/final project/taufik/simulasi_membaca_enc/simulasi_membaca_enc.vhd Line: 111
Info (10041): Inferred latch for "puluhan_out[6]" at simulasi_membaca_enc.vhd(111) File: D:/Kampus/Semester 5/Perencanaan Komponen Terprogram/final project/taufik/simulasi_membaca_enc/simulasi_membaca_enc.vhd Line: 111
Info (10041): Inferred latch for "satuan_out[0]" at simulasi_membaca_enc.vhd(100) File: D:/Kampus/Semester 5/Perencanaan Komponen Terprogram/final project/taufik/simulasi_membaca_enc/simulasi_membaca_enc.vhd Line: 100
Info (10041): Inferred latch for "satuan_out[1]" at simulasi_membaca_enc.vhd(100) File: D:/Kampus/Semester 5/Perencanaan Komponen Terprogram/final project/taufik/simulasi_membaca_enc/simulasi_membaca_enc.vhd Line: 100
Info (10041): Inferred latch for "satuan_out[2]" at simulasi_membaca_enc.vhd(100) File: D:/Kampus/Semester 5/Perencanaan Komponen Terprogram/final project/taufik/simulasi_membaca_enc/simulasi_membaca_enc.vhd Line: 100
Info (10041): Inferred latch for "satuan_out[3]" at simulasi_membaca_enc.vhd(100) File: D:/Kampus/Semester 5/Perencanaan Komponen Terprogram/final project/taufik/simulasi_membaca_enc/simulasi_membaca_enc.vhd Line: 100
Info (10041): Inferred latch for "satuan_out[4]" at simulasi_membaca_enc.vhd(100) File: D:/Kampus/Semester 5/Perencanaan Komponen Terprogram/final project/taufik/simulasi_membaca_enc/simulasi_membaca_enc.vhd Line: 100
Info (10041): Inferred latch for "satuan_out[5]" at simulasi_membaca_enc.vhd(100) File: D:/Kampus/Semester 5/Perencanaan Komponen Terprogram/final project/taufik/simulasi_membaca_enc/simulasi_membaca_enc.vhd Line: 100
Info (10041): Inferred latch for "satuan_out[6]" at simulasi_membaca_enc.vhd(100) File: D:/Kampus/Semester 5/Perencanaan Komponen Terprogram/final project/taufik/simulasi_membaca_enc/simulasi_membaca_enc.vhd Line: 100
Info (10041): Inferred latch for "prevA" at simulasi_membaca_enc.vhd(24) File: D:/Kampus/Semester 5/Perencanaan Komponen Terprogram/final project/taufik/simulasi_membaca_enc/simulasi_membaca_enc.vhd Line: 24
Info (10041): Inferred latch for "arah[0]" at simulasi_membaca_enc.vhd(24) File: D:/Kampus/Semester 5/Perencanaan Komponen Terprogram/final project/taufik/simulasi_membaca_enc/simulasi_membaca_enc.vhd Line: 24
Info (10041): Inferred latch for "arah[1]" at simulasi_membaca_enc.vhd(24) File: D:/Kampus/Semester 5/Perencanaan Komponen Terprogram/final project/taufik/simulasi_membaca_enc/simulasi_membaca_enc.vhd Line: 24
Info (10041): Inferred latch for "arah[2]" at simulasi_membaca_enc.vhd(24) File: D:/Kampus/Semester 5/Perencanaan Komponen Terprogram/final project/taufik/simulasi_membaca_enc/simulasi_membaca_enc.vhd Line: 24
Info (10041): Inferred latch for "arah[3]" at simulasi_membaca_enc.vhd(24) File: D:/Kampus/Semester 5/Perencanaan Komponen Terprogram/final project/taufik/simulasi_membaca_enc/simulasi_membaca_enc.vhd Line: 24
Info (10041): Inferred latch for "arah[4]" at simulasi_membaca_enc.vhd(24) File: D:/Kampus/Semester 5/Perencanaan Komponen Terprogram/final project/taufik/simulasi_membaca_enc/simulasi_membaca_enc.vhd Line: 24
Info (10041): Inferred latch for "arah[5]" at simulasi_membaca_enc.vhd(24) File: D:/Kampus/Semester 5/Perencanaan Komponen Terprogram/final project/taufik/simulasi_membaca_enc/simulasi_membaca_enc.vhd Line: 24
Info (10041): Inferred latch for "arah[6]" at simulasi_membaca_enc.vhd(24) File: D:/Kampus/Semester 5/Perencanaan Komponen Terprogram/final project/taufik/simulasi_membaca_enc/simulasi_membaca_enc.vhd Line: 24
Info (10041): Inferred latch for "arah[7]" at simulasi_membaca_enc.vhd(24) File: D:/Kampus/Semester 5/Perencanaan Komponen Terprogram/final project/taufik/simulasi_membaca_enc/simulasi_membaca_enc.vhd Line: 24
Info (10041): Inferred latch for "arah[8]" at simulasi_membaca_enc.vhd(24) File: D:/Kampus/Semester 5/Perencanaan Komponen Terprogram/final project/taufik/simulasi_membaca_enc/simulasi_membaca_enc.vhd Line: 24
Info (10041): Inferred latch for "arah[9]" at simulasi_membaca_enc.vhd(24) File: D:/Kampus/Semester 5/Perencanaan Komponen Terprogram/final project/taufik/simulasi_membaca_enc/simulasi_membaca_enc.vhd Line: 24
Info (10041): Inferred latch for "arah[10]" at simulasi_membaca_enc.vhd(24) File: D:/Kampus/Semester 5/Perencanaan Komponen Terprogram/final project/taufik/simulasi_membaca_enc/simulasi_membaca_enc.vhd Line: 24
Info (10041): Inferred latch for "arah[11]" at simulasi_membaca_enc.vhd(24) File: D:/Kampus/Semester 5/Perencanaan Komponen Terprogram/final project/taufik/simulasi_membaca_enc/simulasi_membaca_enc.vhd Line: 24
Info (10041): Inferred latch for "arah[12]" at simulasi_membaca_enc.vhd(24) File: D:/Kampus/Semester 5/Perencanaan Komponen Terprogram/final project/taufik/simulasi_membaca_enc/simulasi_membaca_enc.vhd Line: 24
Info (10041): Inferred latch for "arah[13]" at simulasi_membaca_enc.vhd(24) File: D:/Kampus/Semester 5/Perencanaan Komponen Terprogram/final project/taufik/simulasi_membaca_enc/simulasi_membaca_enc.vhd Line: 24
Info (10041): Inferred latch for "arah[14]" at simulasi_membaca_enc.vhd(24) File: D:/Kampus/Semester 5/Perencanaan Komponen Terprogram/final project/taufik/simulasi_membaca_enc/simulasi_membaca_enc.vhd Line: 24
Info (10041): Inferred latch for "arah[15]" at simulasi_membaca_enc.vhd(24) File: D:/Kampus/Semester 5/Perencanaan Komponen Terprogram/final project/taufik/simulasi_membaca_enc/simulasi_membaca_enc.vhd Line: 24
Info (10041): Inferred latch for "arah[16]" at simulasi_membaca_enc.vhd(24) File: D:/Kampus/Semester 5/Perencanaan Komponen Terprogram/final project/taufik/simulasi_membaca_enc/simulasi_membaca_enc.vhd Line: 24
Info (10041): Inferred latch for "arah[17]" at simulasi_membaca_enc.vhd(24) File: D:/Kampus/Semester 5/Perencanaan Komponen Terprogram/final project/taufik/simulasi_membaca_enc/simulasi_membaca_enc.vhd Line: 24
Info (10041): Inferred latch for "arah[18]" at simulasi_membaca_enc.vhd(24) File: D:/Kampus/Semester 5/Perencanaan Komponen Terprogram/final project/taufik/simulasi_membaca_enc/simulasi_membaca_enc.vhd Line: 24
Info (10041): Inferred latch for "arah[19]" at simulasi_membaca_enc.vhd(24) File: D:/Kampus/Semester 5/Perencanaan Komponen Terprogram/final project/taufik/simulasi_membaca_enc/simulasi_membaca_enc.vhd Line: 24
Info (10041): Inferred latch for "arah[20]" at simulasi_membaca_enc.vhd(24) File: D:/Kampus/Semester 5/Perencanaan Komponen Terprogram/final project/taufik/simulasi_membaca_enc/simulasi_membaca_enc.vhd Line: 24
Info (10041): Inferred latch for "arah[21]" at simulasi_membaca_enc.vhd(24) File: D:/Kampus/Semester 5/Perencanaan Komponen Terprogram/final project/taufik/simulasi_membaca_enc/simulasi_membaca_enc.vhd Line: 24
Info (10041): Inferred latch for "arah[22]" at simulasi_membaca_enc.vhd(24) File: D:/Kampus/Semester 5/Perencanaan Komponen Terprogram/final project/taufik/simulasi_membaca_enc/simulasi_membaca_enc.vhd Line: 24
Info (10041): Inferred latch for "arah[23]" at simulasi_membaca_enc.vhd(24) File: D:/Kampus/Semester 5/Perencanaan Komponen Terprogram/final project/taufik/simulasi_membaca_enc/simulasi_membaca_enc.vhd Line: 24
Info (10041): Inferred latch for "arah[24]" at simulasi_membaca_enc.vhd(24) File: D:/Kampus/Semester 5/Perencanaan Komponen Terprogram/final project/taufik/simulasi_membaca_enc/simulasi_membaca_enc.vhd Line: 24
Info (10041): Inferred latch for "arah[25]" at simulasi_membaca_enc.vhd(24) File: D:/Kampus/Semester 5/Perencanaan Komponen Terprogram/final project/taufik/simulasi_membaca_enc/simulasi_membaca_enc.vhd Line: 24
Info (10041): Inferred latch for "arah[26]" at simulasi_membaca_enc.vhd(24) File: D:/Kampus/Semester 5/Perencanaan Komponen Terprogram/final project/taufik/simulasi_membaca_enc/simulasi_membaca_enc.vhd Line: 24
Info (10041): Inferred latch for "arah[27]" at simulasi_membaca_enc.vhd(24) File: D:/Kampus/Semester 5/Perencanaan Komponen Terprogram/final project/taufik/simulasi_membaca_enc/simulasi_membaca_enc.vhd Line: 24
Info (10041): Inferred latch for "arah[28]" at simulasi_membaca_enc.vhd(24) File: D:/Kampus/Semester 5/Perencanaan Komponen Terprogram/final project/taufik/simulasi_membaca_enc/simulasi_membaca_enc.vhd Line: 24
Info (10041): Inferred latch for "arah[29]" at simulasi_membaca_enc.vhd(24) File: D:/Kampus/Semester 5/Perencanaan Komponen Terprogram/final project/taufik/simulasi_membaca_enc/simulasi_membaca_enc.vhd Line: 24
Info (10041): Inferred latch for "arah[30]" at simulasi_membaca_enc.vhd(24) File: D:/Kampus/Semester 5/Perencanaan Komponen Terprogram/final project/taufik/simulasi_membaca_enc/simulasi_membaca_enc.vhd Line: 24
Info (10041): Inferred latch for "arah[31]" at simulasi_membaca_enc.vhd(24) File: D:/Kampus/Semester 5/Perencanaan Komponen Terprogram/final project/taufik/simulasi_membaca_enc/simulasi_membaca_enc.vhd Line: 24
Info (10041): Inferred latch for "prevB" at simulasi_membaca_enc.vhd(24) File: D:/Kampus/Semester 5/Perencanaan Komponen Terprogram/final project/taufik/simulasi_membaca_enc/simulasi_membaca_enc.vhd Line: 24
Warning (13012): Latch arah[0] has unsafe behavior File: D:/Kampus/Semester 5/Perencanaan Komponen Terprogram/final project/taufik/simulasi_membaca_enc/simulasi_membaca_enc.vhd Line: 24
    Warning (13013): Ports D and ENA on the latch are fed by the same signal A File: D:/Kampus/Semester 5/Perencanaan Komponen Terprogram/final project/taufik/simulasi_membaca_enc/simulasi_membaca_enc.vhd Line: 7
Warning (13012): Latch arah[1] has unsafe behavior File: D:/Kampus/Semester 5/Perencanaan Komponen Terprogram/final project/taufik/simulasi_membaca_enc/simulasi_membaca_enc.vhd Line: 24
    Warning (13013): Ports D and ENA on the latch are fed by the same signal A File: D:/Kampus/Semester 5/Perencanaan Komponen Terprogram/final project/taufik/simulasi_membaca_enc/simulasi_membaca_enc.vhd Line: 7
Warning (13012): Latch prevB has unsafe behavior File: D:/Kampus/Semester 5/Perencanaan Komponen Terprogram/final project/taufik/simulasi_membaca_enc/simulasi_membaca_enc.vhd Line: 16
    Warning (13013): Ports D and ENA on the latch are fed by the same signal B File: D:/Kampus/Semester 5/Perencanaan Komponen Terprogram/final project/taufik/simulasi_membaca_enc/simulasi_membaca_enc.vhd Line: 7
Info (286030): Timing-Driven Synthesis is running
Info (16010): Generating hard_block partition "hard_block:auto_generated_inst"
    Info (16011): Adding 0 node(s), including 0 DDIO, 0 PLL, 0 transceiver and 0 LCELL
Info (21057): Implemented 133 device resources after synthesis - the final resource count might be different
    Info (21058): Implemented 2 input pins
    Info (21059): Implemented 21 output pins
    Info (21061): Implemented 110 logic cells
Info: Quartus Prime Analysis & Synthesis was successful. 0 errors, 14 warnings
    Info: Peak virtual memory: 4786 megabytes
    Info: Processing ended: Thu Dec 16 22:37:15 2021
    Info: Elapsed time: 00:00:16
    Info: Total CPU time (on all processors): 00:00:40


